mkdir -p build/release
cmake -G "Ninja" -DFORCE_COLORED_OUTPUT=1 -DEXTENSION_STATIC_BUILD=1 -DDUCKDB_EXTENSION_CONFIGS='/home/ubuntu/duckdb/mobilityduck/extension_config.cmake'   -DOSX_BUILD_ARCH=   -DDUCKDB_EXPLICIT_PLATFORM='' -DCUSTOM_LINKER= -DOVERRIDE_GIT_DESCRIBE="" -DUNITTEST_ROOT_DIRECTORY="/home/ubuntu/duckdb/mobilityduck/" -DBENCHMARK_ROOT_DIRECTORY="/home/ubuntu/duckdb/mobilityduck/" -DENABLE_UNITTEST_CPP_TESTS=FALSE -DBUILD_EXTENSION_TEST_DEPS=default   -DCMAKE_BUILD_TYPE=Release -S "./duckdb/" -B build/release
-- git hash 0b83e5d2f6, version v1.3.2, extension folder v1.3.2
-- Extensions will be deployed to: /home/ubuntu/duckdb/mobilityduck/build/release/repository
-- Load extension 'mobilityduck' from '/home/ubuntu/duckdb/mobilityduck' @ 95ae0a6
-- Load extension 'core_functions' from '/home/ubuntu/duckdb/mobilityduck/duckdb/extensions' @ v1.3.2
-- Load extension 'parquet' from '/home/ubuntu/duckdb/mobilityduck/duckdb/extensions' @ v1.3.2
-- Load extension 'jemalloc' from '/home/ubuntu/duckdb/mobilityduck/duckdb/extensions' @ v1.3.2
-- Extensions linked into DuckDB: [mobilityduck, core_functions, parquet, jemalloc]
-- Tests loaded for extensions: [mobilityduck]
-- Configuring done
-- Generating done
-- Build files have been written to: /home/ubuntu/duckdb/mobilityduck/build/release
cmake --build build/release --config Release
[1/13] Building C object extension/mobilityduck/CMakeFiles/meos_lib.dir/src/meos/meos_internal.c.o
[2/13] Linking C static library extension/mobilityduck/libmeos_lib.a
[3/13] Linking CXX shared library extension/mobilityduck/mobilityduck.duckdb_extension
[4/13] Linking CXX shared library extension/core_functions/core_functions.duckdb_extension
[5/13] Linking CXX executable duckdb
[6/13] Linking CXX shared library src/libduckdb.so
[7/13] Linking CXX shared library tools/sqlite3_api_wrapper/libsqlite3_api_wrapper.so
[8/13] Linking CXX executable test/unittest
[9/13] Linking CXX executable tools/sqlite3_api_wrapper/test_sqlite3_api_wrapper
[10/13] Linking CXX shared library extension/parquet/parquet.duckdb_extension
[11/13] Linking CXX shared library test/extension/loadable_extension_optimizer_demo.duckdb_extension
[12/13] Linking CXX shared library test/extension/loadable_extension_demo.duckdb_extension
[13/13] repository
